12/06/2021 12:19:25 PM INFO: Hanabi server started on 127.0.0.1:1024
12/06/2021 12:19:37 PM INFO: Connected by: ('127.0.0.1', 58897)
12/06/2021 12:19:37 PM INFO: Player connected: Oriol
12/06/2021 12:19:43 PM INFO: Connected by: ('127.0.0.1', 58899)
12/06/2021 12:19:43 PM INFO: Player connected: Uri
12/06/2021 12:19:48 PM INFO: Player ready: Uri
12/06/2021 12:20:02 PM INFO: Connected by: ('127.0.0.1', 58902)
12/06/2021 12:20:02 PM INFO: Player connected: Oriol
12/06/2021 12:20:04 PM INFO: Player ready: Oriol
12/06/2021 12:20:16 PM INFO: Closing the server...
12/06/2021 12:20:18 PM INFO: Hanabi server started on 127.0.0.1:1024
12/06/2021 12:20:24 PM INFO: Connected by: ('127.0.0.1', 58904)
12/06/2021 12:20:24 PM INFO: Player connected: Oriol
12/06/2021 12:20:29 PM INFO: Connected by: ('127.0.0.1', 58905)
12/06/2021 12:20:29 PM INFO: Player connected: Uri
12/06/2021 12:20:30 PM INFO: Player ready: Uri
12/06/2021 12:20:34 PM INFO: Player ready: Oriol
12/06/2021 12:20:34 PM INFO: Game start! Between: ['Oriol', 'Uri']
12/06/2021 12:20:34 PM INFO: Ok, let's start the game!
12/06/2021 12:20:38 PM INFO: Showing hand to: Oriol
12/06/2021 12:20:46 PM INFO: Showing hand to: Uri
12/06/2021 12:21:46 PM INFO: Oriol: card played and correctly put on the table
12/06/2021 12:21:46 PM INFO: yellow pile has been filled. Giving 1 free note token!
12/06/2021 12:21:50 PM INFO: Showing hand to: Oriol
12/06/2021 12:22:02 PM INFO: Uri: card played and correctly put on the table
12/06/2021 12:22:02 PM INFO: white pile has been filled. Giving 1 free note token!
12/06/2021 12:22:06 PM INFO: Showing hand to: Uri
12/06/2021 12:22:09 PM INFO: Showing hand to: Oriol
12/06/2021 12:22:19 PM INFO: Oriol: card played and correctly put on the table
12/06/2021 12:22:19 PM INFO: red pile has been filled. Giving 1 free note token!
12/06/2021 12:22:34 PM WARNING: Impossible discarding a card: there is no used token available
12/06/2021 12:22:48 PM INFO: Showing hand to: Uri
12/06/2021 12:22:55 PM INFO: Showing hand to: Oriol
12/06/2021 12:23:22 PM WARNING: Impossible discarding a card: there is no used token available
12/06/2021 12:23:23 PM WARNING: Impossible discarding a card: there is no used token available
12/06/2021 12:23:25 PM WARNING: Impossible discarding a card: there is no used token available
12/06/2021 12:27:48 PM INFO: Player Uri providing hint to Oriol: cards with value 1 are in positions: [2, 3]
12/06/2021 12:27:55 PM INFO: Oriol: card played and correctly put on the table
12/06/2021 12:27:55 PM INFO: blue pile has been filled. Giving 1 free note token!
12/06/2021 12:28:02 PM INFO: Player: Uri: card 4 discarded successfully
12/06/2021 12:28:06 PM INFO: Showing hand to: Oriol
12/06/2021 12:28:17 PM INFO: Showing hand to: Uri
12/06/2021 12:29:22 PM INFO: Closing the server...
